[debug] [2022-03-23T15:58:22.987Z] ----------------------------------------------------------------------
[debug] [2022-03-23T15:58:22.988Z] Command:       /usr/local/bin/node /usr/local/bin/firebase emulators:start
[debug] [2022-03-23T15:58:22.988Z] CLI Version:   10.4.2
[debug] [2022-03-23T15:58:22.989Z] Platform:      darwin
[debug] [2022-03-23T15:58:22.989Z] Node Version:  v17.3.0
[debug] [2022-03-23T15:58:22.994Z] Time:          Wed Mar 23 2022 16:58:22 GMT+0100 (czas środkowoeuropejski standardowy)
[debug] [2022-03-23T15:58:22.995Z] ----------------------------------------------------------------------
[debug] 
[debug] [2022-03-23T15:58:23.071Z] > command requires scopes: ["email","openid","https://www.googleapis.com/auth/cloudplatformprojects.readonly","https://www.googleapis.com/auth/firebase","https://www.googleapis.com/auth/cloud-platform"]
[debug] [2022-03-23T15:58:23.072Z] > authorizing via signed-in user (filipsordyl8@gmail.com)
[info] i  emulators: Starting emulators: functions {"metadata":{"emulator":{"name":"hub"},"message":"Starting emulators: functions"}}
[warn] ⚠  emulators: It seems that you are running multiple instances of the emulator suite for project cybersecnews-94302. This may result in unexpected behavior. 
[debug] [2022-03-23T15:58:23.202Z] [hub] writing locator at /var/folders/6j/sw_1cfr54jqb93_qy6mm72440000gn/T/hub-cybersecnews-94302.json
[warn] ⚠  functions: The following emulators are not running, calls to these services from the Functions emulator will affect production: auth, firestore, database, hosting, pubsub, storage {"metadata":{"emulator":{"name":"functions"},"message":"The following emulators are not running, calls to these services from the Functions emulator will affect production: \u001b[1mauth, firestore, database, hosting, pubsub, storage\u001b[22m"}}
[warn] ⚠  Your requested "node" version "16" doesn't match your global version "17". Using node@17 from host. {"metadata":{"emulator":{"name":"functions"},"message":"Your requested \"node\" version \"16\" doesn't match your global version \"17\". Using node@17 from host."}}
[debug] [2022-03-23T15:58:23.273Z] defaultcredentials: writing to file /Users/filipsordyl/.config/firebase/filipsordyl8_gmail_com_application_default_credentials.json
[debug] [2022-03-23T15:58:23.277Z] Setting GAC to /Users/filipsordyl/.config/firebase/filipsordyl8_gmail_com_application_default_credentials.json {"metadata":{"emulator":{"name":"functions"},"message":"Setting GAC to /Users/filipsordyl/.config/firebase/filipsordyl8_gmail_com_application_default_credentials.json"}}
[debug] [2022-03-23T15:58:23.280Z] >>> [apiv2][query] GET https://firebase.googleapis.com/v1beta1/projects/cybersecnews-94302/adminSdkConfig [none]
[debug] [2022-03-23T15:58:23.632Z] <<< [apiv2][status] GET https://firebase.googleapis.com/v1beta1/projects/cybersecnews-94302/adminSdkConfig 200
[debug] [2022-03-23T15:58:23.633Z] <<< [apiv2][body] GET https://firebase.googleapis.com/v1beta1/projects/cybersecnews-94302/adminSdkConfig {"projectId":"cybersecnews-94302","storageBucket":"cybersecnews-94302.appspot.com","locationId":"europe-west"}
[warn] ⚠  ui: Emulator UI unable to start on port 4000, starting on 4003 instead. {"metadata":{"emulator":{"name":"ui"},"message":"Emulator UI unable to start on port 4000, starting on 4003 instead."}}
[debug] [2022-03-23T15:58:23.724Z] Ignoring unsupported arg: auto_download {"metadata":{"emulator":{"name":"ui"},"message":"Ignoring unsupported arg: auto_download"}}
[debug] [2022-03-23T15:58:23.724Z] Ignoring unsupported arg: port {"metadata":{"emulator":{"name":"ui"},"message":"Ignoring unsupported arg: port"}}
[debug] [2022-03-23T15:58:23.725Z] Starting Emulator UI with command {"binary":"node","args":["/Users/filipsordyl/.cache/firebase/emulators/ui-v1.6.5/server.bundle.js"],"optionalArgs":[],"joinArgs":false} {"metadata":{"emulator":{"name":"ui"},"message":"Starting Emulator UI with command {\"binary\":\"node\",\"args\":[\"/Users/filipsordyl/.cache/firebase/emulators/ui-v1.6.5/server.bundle.js\"],\"optionalArgs\":[],\"joinArgs\":false}"}}
[info] i  ui: Emulator UI logging to ui-debug.log {"metadata":{"emulator":{"name":"ui"},"message":"Emulator UI logging to \u001b[1mui-debug.log\u001b[22m"}}
[debug] [2022-03-23T15:58:23.856Z] Web / API server started at localhost:4003
 {"metadata":{"emulator":{"name":"ui"},"message":"Web / API server started at localhost:4003\n"}}
[info] i  functions: Watching "/Users/filipsordyl/Desktop/webb/nextjs/security_news/functions" for Cloud Functions... {"metadata":{"emulator":{"name":"functions"},"message":"Watching \"/Users/filipsordyl/Desktop/webb/nextjs/security_news/functions\" for Cloud Functions..."}}
[debug] [2022-03-23T15:58:24.020Z] Validating nodejs source
[debug] [2022-03-23T15:58:25.703Z] > [functions] package.json contents: {
  "name": "functions",
  "description": "Cloud Functions for Firebase",
  "scripts": {
    "serve": "firebase emulators:start --only functions",
    "shell": "firebase functions:shell",
    "start": "npm run shell",
    "deploy": "firebase deploy --only functions",
    "logs": "firebase functions:log"
  },
  "engines": {
    "node": "16"
  },
  "main": "index.js",
  "dependencies": {
    "cors": "^2.8.5",
    "firebase-admin": "^9.12.0",
    "firebase-functions": "^3.19.0",
    "puppeteer": "^13.5.1"
  },
  "devDependencies": {
    "firebase-functions-test": "^0.2.0"
  },
  "private": true
}
[debug] [2022-03-23T15:58:25.704Z] Building nodejs source
[debug] [2022-03-23T15:58:25.704Z] Analyzing nodejs backend spec
[info] ✔  functions[us-central1-webScraper]: http function initialized (http://localhost:5001/cybersecnews-94302/us-central1/webScraper). {"metadata":{"emulator":{"name":"functions"},"message":"\u001b[1mhttp\u001b[22m function initialized (http://localhost:5001/cybersecnews-94302/us-central1/webScraper)."}}
[info] 
┌─────────────────────────────────────────────────────────────┐
│ ✔  All emulators ready! It is now safe to connect your app. │
│ i  View Emulator UI at http://localhost:4003                │
└─────────────────────────────────────────────────────────────┘

┌───────────┬────────────────┬─────────────────────────────────┐
│ Emulator  │ Host:Port      │ View in Emulator UI             │
├───────────┼────────────────┼─────────────────────────────────┤
│ Functions │ localhost:5001 │ http://localhost:4003/functions │
└───────────┴────────────────┴─────────────────────────────────┘
  Emulator Hub running at localhost:4400
  Other reserved ports: 4500

Issues? Report them at https://github.com/firebase/firebase-tools/issues and attach the *-debug.log files.
 
[debug] [2022-03-23T15:58:29.047Z] [work-queue] {"queueLength":1,"workRunningCount":0}
[debug] [2022-03-23T15:58:29.048Z] [work-queue] {"queueLength":0,"workRunningCount":1}
[debug] [2022-03-23T15:58:29.049Z] Accepted request GET /cybersecnews-94302/us-central1/webScraper --> us-central1-webScraper
[debug] [2022-03-23T15:58:29.084Z] [worker-pool] addWorker(us-central1-webScraper) {"metadata":{"emulator":{"name":"functions"},"message":"[worker-pool] addWorker(us-central1-webScraper)"}}
[debug] [2022-03-23T15:58:29.086Z] [worker-pool] Adding worker with key us-central1-webScraper, total=1 {"metadata":{"emulator":{"name":"functions"},"message":"[worker-pool] Adding worker with key us-central1-webScraper, total=1"}}
[debug] [2022-03-23T15:58:29.086Z] [worker-pool] submitWork(triggerId=us-central1-webScraper) {"metadata":{"emulator":{"name":"functions"},"message":"[worker-pool] submitWork(triggerId=us-central1-webScraper)"}}
[debug] [2022-03-23T15:58:29.087Z] [worker-us-central1-webScraper-c405fd56-5d95-438f-a5e1-546ada301fbf]: Assigning socketPath: /var/folders/6j/sw_1cfr54jqb93_qy6mm72440000gn/T/fire_emu_66615.sock {"metadata":{"emulator":{"name":"functions"},"message":"[worker-us-central1-webScraper-c405fd56-5d95-438f-a5e1-546ada301fbf]: Assigning socketPath: /var/folders/6j/sw_1cfr54jqb93_qy6mm72440000gn/T/fire_emu_66615.sock"}}
[debug] [2022-03-23T15:58:29.088Z] [worker-us-central1-webScraper-c405fd56-5d95-438f-a5e1-546ada301fbf]: BUSY {"metadata":{"emulator":{"name":"functions"},"message":"[worker-us-central1-webScraper-c405fd56-5d95-438f-a5e1-546ada301fbf]: BUSY"}}
[debug] [2022-03-23T15:58:30.013Z] [runtime-status] [66615] Functions runtime initialized. {"cwd":"/Users/filipsordyl/Desktop/webb/nextjs/security_news/functions","node_version":"17.3.0"} {"metadata":{"emulator":{"name":"functions"},"function":{"name":"us-central1-webScraper"},"extension":{},"message":"[runtime-status] [66615] Functions runtime initialized. {\"cwd\":\"/Users/filipsordyl/Desktop/webb/nextjs/security_news/functions\",\"node_version\":\"17.3.0\"}"}}
[debug] [2022-03-23T15:58:30.013Z] [runtime-status] [66615] Disabled runtime features: undefined {"metadata":{"emulator":{"name":"functions"},"function":{"name":"us-central1-webScraper"},"extension":{},"message":"[runtime-status] [66615] Disabled runtime features: undefined"}}
[debug] [2022-03-23T15:58:30.015Z] [runtime-status] [66615] Resolved module firebase-admin {"declared":true,"installed":true,"version":"9.12.0","resolution":"/Users/filipsordyl/Desktop/webb/nextjs/security_news/functions/node_modules/firebase-admin/lib/index.js"} {"metadata":{"emulator":{"name":"functions"},"function":{"name":"us-central1-webScraper"},"extension":{},"message":"[runtime-status] [66615] Resolved module firebase-admin {\"declared\":true,\"installed\":true,\"version\":\"9.12.0\",\"resolution\":\"/Users/filipsordyl/Desktop/webb/nextjs/security_news/functions/node_modules/firebase-admin/lib/index.js\"}"}}
[debug] [2022-03-23T15:58:30.015Z] [runtime-status] [66615] Resolved module firebase-functions {"declared":true,"installed":true,"version":"3.19.0","resolution":"/Users/filipsordyl/Desktop/webb/nextjs/security_news/functions/node_modules/firebase-functions/lib/index.js"} {"metadata":{"emulator":{"name":"functions"},"function":{"name":"us-central1-webScraper"},"extension":{},"message":"[runtime-status] [66615] Resolved module firebase-functions {\"declared\":true,\"installed\":true,\"version\":\"3.19.0\",\"resolution\":\"/Users/filipsordyl/Desktop/webb/nextjs/security_news/functions/node_modules/firebase-functions/lib/index.js\"}"}}
[debug] [2022-03-23T15:58:30.016Z] [runtime-status] [66615] Outgoing network have been stubbed. [{"name":"http","status":"mocked"},{"name":"http","status":"mocked"},{"name":"https","status":"mocked"},{"name":"https","status":"mocked"},{"name":"net","status":"mocked"}] {"metadata":{"emulator":{"name":"functions"},"function":{"name":"us-central1-webScraper"},"extension":{},"message":"[runtime-status] [66615] Outgoing network have been stubbed. [{\"name\":\"http\",\"status\":\"mocked\"},{\"name\":\"http\",\"status\":\"mocked\"},{\"name\":\"https\",\"status\":\"mocked\"},{\"name\":\"https\",\"status\":\"mocked\"},{\"name\":\"net\",\"status\":\"mocked\"}]"}}
[debug] [2022-03-23T15:58:30.016Z] [runtime-status] [66615] Resolved module firebase-functions {"declared":true,"installed":true,"version":"3.19.0","resolution":"/Users/filipsordyl/Desktop/webb/nextjs/security_news/functions/node_modules/firebase-functions/lib/index.js"} {"metadata":{"emulator":{"name":"functions"},"function":{"name":"us-central1-webScraper"},"extension":{},"message":"[runtime-status] [66615] Resolved module firebase-functions {\"declared\":true,\"installed\":true,\"version\":\"3.19.0\",\"resolution\":\"/Users/filipsordyl/Desktop/webb/nextjs/security_news/functions/node_modules/firebase-functions/lib/index.js\"}"}}
[debug] [2022-03-23T15:58:30.036Z] [runtime-status] [66615] Checked functions.config() {"config":{}} {"metadata":{"emulator":{"name":"functions"},"function":{"name":"us-central1-webScraper"},"extension":{},"message":"[runtime-status] [66615] Checked functions.config() {\"config\":{}}"}}
[debug] [2022-03-23T15:58:30.036Z] [runtime-status] [66615] firebase-functions has been stubbed. {"functionsResolution":{"declared":true,"installed":true,"version":"3.19.0","resolution":"/Users/filipsordyl/Desktop/webb/nextjs/security_news/functions/node_modules/firebase-functions/lib/index.js"}} {"metadata":{"emulator":{"name":"functions"},"function":{"name":"us-central1-webScraper"},"extension":{},"message":"[runtime-status] [66615] firebase-functions has been stubbed. {\"functionsResolution\":{\"declared\":true,\"installed\":true,\"version\":\"3.19.0\",\"resolution\":\"/Users/filipsordyl/Desktop/webb/nextjs/security_news/functions/node_modules/firebase-functions/lib/index.js\"}}"}}
[debug] [2022-03-23T15:58:30.038Z] [runtime-status] [66615] Resolved module firebase-functions {"declared":true,"installed":true,"version":"3.19.0","resolution":"/Users/filipsordyl/Desktop/webb/nextjs/security_news/functions/node_modules/firebase-functions/lib/index.js"} {"metadata":{"emulator":{"name":"functions"},"function":{"name":"us-central1-webScraper"},"extension":{},"message":"[runtime-status] [66615] Resolved module firebase-functions {\"declared\":true,\"installed\":true,\"version\":\"3.19.0\",\"resolution\":\"/Users/filipsordyl/Desktop/webb/nextjs/security_news/functions/node_modules/firebase-functions/lib/index.js\"}"}}
[debug] [2022-03-23T15:58:30.039Z] [runtime-status] [66615] Resolved module firebase-admin {"declared":true,"installed":true,"version":"9.12.0","resolution":"/Users/filipsordyl/Desktop/webb/nextjs/security_news/functions/node_modules/firebase-admin/lib/index.js"} {"metadata":{"emulator":{"name":"functions"},"function":{"name":"us-central1-webScraper"},"extension":{},"message":"[runtime-status] [66615] Resolved module firebase-admin {\"declared\":true,\"installed\":true,\"version\":\"9.12.0\",\"resolution\":\"/Users/filipsordyl/Desktop/webb/nextjs/security_news/functions/node_modules/firebase-admin/lib/index.js\"}"}}
[debug] [2022-03-23T15:58:30.040Z] [runtime-status] [66615] Resolved module firebase-functions {"declared":true,"installed":true,"version":"3.19.0","resolution":"/Users/filipsordyl/Desktop/webb/nextjs/security_news/functions/node_modules/firebase-functions/lib/index.js"} {"metadata":{"emulator":{"name":"functions"},"function":{"name":"us-central1-webScraper"},"extension":{},"message":"[runtime-status] [66615] Resolved module firebase-functions {\"declared\":true,\"installed\":true,\"version\":\"3.19.0\",\"resolution\":\"/Users/filipsordyl/Desktop/webb/nextjs/security_news/functions/node_modules/firebase-functions/lib/index.js\"}"}}
[debug] [2022-03-23T15:58:30.040Z] [runtime-status] [66615] firebase-admin has been stubbed. {"adminResolution":{"declared":true,"installed":true,"version":"9.12.0","resolution":"/Users/filipsordyl/Desktop/webb/nextjs/security_news/functions/node_modules/firebase-admin/lib/index.js"}} {"metadata":{"emulator":{"name":"functions"},"function":{"name":"us-central1-webScraper"},"extension":{},"message":"[runtime-status] [66615] firebase-admin has been stubbed. {\"adminResolution\":{\"declared\":true,\"installed\":true,\"version\":\"9.12.0\",\"resolution\":\"/Users/filipsordyl/Desktop/webb/nextjs/security_news/functions/node_modules/firebase-admin/lib/index.js\"}}"}}
[debug] [2022-03-23T15:58:30.085Z] [runtime-status] [66615] Beginning invocation function webScraper! {"metadata":{"emulator":{"name":"functions"},"function":{"name":"us-central1-webScraper"},"extension":{},"message":"[runtime-status] [66615] Beginning invocation function webScraper!"}}
[info] i  functions: Beginning execution of "webScraper" {"metadata":{"emulator":{"name":"functions"},"function":{"name":"us-central1-webScraper"},"extension":{},"message":"Beginning execution of \"webScraper\""}}
[debug] [2022-03-23T15:58:30.090Z] [runtime-status] [66615] Running webScraper in signature http {"metadata":{"emulator":{"name":"functions"},"function":{"name":"us-central1-webScraper"},"extension":{},"message":"[runtime-status] [66615] Running webScraper in signature http"}}
[debug] [2022-03-23T15:58:30.091Z] [runtime-status] [66615] Attempting to listen to socketPath: /var/folders/6j/sw_1cfr54jqb93_qy6mm72440000gn/T/fire_emu_66615.sock {"metadata":{"emulator":{"name":"functions"},"function":{"name":"us-central1-webScraper"},"extension":{},"message":"[runtime-status] [66615] Attempting to listen to socketPath: /var/folders/6j/sw_1cfr54jqb93_qy6mm72440000gn/T/fire_emu_66615.sock"}}
[debug] [2022-03-23T15:58:30.106Z] [functions] Runtime ready! Sending request! {"metadata":{"emulator":{"name":"functions"},"message":"[functions] Runtime ready! Sending request!"}}
[debug] [2022-03-23T15:58:30.107Z] [functions] Got req.url=/cybersecnews-94302/us-central1/webScraper, mapping to path=/ {"metadata":{"emulator":{"name":"functions"},"message":"[functions] Got req.url=/cybersecnews-94302/us-central1/webScraper, mapping to path=/"}}
[debug] [2022-03-23T15:58:30.113Z] [runtime-status] [66615] Ephemeral server handling GET request {"metadata":{"emulator":{"name":"functions"},"function":{"name":"us-central1-webScraper"},"extension":{},"message":"[runtime-status] [66615] Ephemeral server handling GET request"}}
[debug] [2022-03-23T15:58:30.115Z] [runtime-status] [66615] Ephemeral server survived. {"metadata":{"emulator":{"name":"functions"},"function":{"name":"us-central1-webScraper"},"extension":{},"message":"[runtime-status] [66615] Ephemeral server survived."}}
[info] >  waitFor is deprecated and will be removed in a future release. See https://github.com/puppeteer/puppeteer/issues/6214 for details and how to migrate your code. {"user":"waitFor is deprecated and will be removed in a future release. See https://github.com/puppeteer/puppeteer/issues/6214 for details and how to migrate your code.","metadata":{"emulator":{"name":"functions"},"function":{"name":"us-central1-webScraper"},"extension":{},"message":"\u001b[90m> \u001b[39m waitFor is deprecated and will be removed in a future release. See https://github.com/puppeteer/puppeteer/issues/6214 for details and how to migrate your code."}}
[info] i  functions: Finished "webScraper" in ~22s {"metadata":{"emulator":{"name":"functions"},"function":{"name":"us-central1-webScraper"},"extension":{},"message":"Finished \"webScraper\" in ~22s"}}
[debug] [2022-03-23T15:58:52.330Z] [worker-us-central1-webScraper-c405fd56-5d95-438f-a5e1-546ada301fbf]: IDLE {"metadata":{"emulator":{"name":"functions"},"message":"[worker-us-central1-webScraper-c405fd56-5d95-438f-a5e1-546ada301fbf]: IDLE"}}
[debug] [2022-03-23T15:58:52.331Z] [work-queue] {"queueLength":0,"workRunningCount":0}
[warn] ⚠  Google API requested!
   - URL: "https://oauth2.googleapis.com/token"
   - Be careful, this may be a production service. {"metadata":{"emulator":{"name":"functions"},"function":{"name":"us-central1-webScraper"},"extension":{},"message":"Google API requested!\n   - URL: \"https://oauth2.googleapis.com/token\"\n   - Be careful, this may be a production service."}}
[debug] [2022-03-23T15:59:12.536Z] File /Users/filipsordyl/Desktop/webb/nextjs/security_news/functions/index.js changed, reloading triggers {"metadata":{"emulator":{"name":"functions"},"message":"File /Users/filipsordyl/Desktop/webb/nextjs/security_news/functions/index.js changed, reloading triggers"}}
[debug] [2022-03-23T15:59:12.861Z] File /Users/filipsordyl/Desktop/webb/nextjs/security_news/functions/index.js changed, reloading triggers {"metadata":{"emulator":{"name":"functions"},"message":"File /Users/filipsordyl/Desktop/webb/nextjs/security_news/functions/index.js changed, reloading triggers"}}
[debug] [2022-03-23T15:59:13.865Z] [worker-pool] Shutting down IDLE worker (us-central1-webScraper) {"metadata":{"emulator":{"name":"functions"},"message":"[worker-pool] Shutting down IDLE worker (us-central1-webScraper)"}}
[debug] [2022-03-23T15:59:13.866Z] [worker-us-central1-webScraper-c405fd56-5d95-438f-a5e1-546ada301fbf]: FINISHING {"metadata":{"emulator":{"name":"functions"},"message":"[worker-us-central1-webScraper-c405fd56-5d95-438f-a5e1-546ada301fbf]: FINISHING"}}
[debug] [2022-03-23T15:59:13.874Z] Validating nodejs source
[debug] [2022-03-23T15:59:15.909Z] > [functions] package.json contents: {
  "name": "functions",
  "description": "Cloud Functions for Firebase",
  "scripts": {
    "serve": "firebase emulators:start --only functions",
    "shell": "firebase functions:shell",
    "start": "npm run shell",
    "deploy": "firebase deploy --only functions",
    "logs": "firebase functions:log"
  },
  "engines": {
    "node": "16"
  },
  "main": "index.js",
  "dependencies": {
    "cors": "^2.8.5",
    "firebase-admin": "^9.12.0",
    "firebase-functions": "^3.19.0",
    "puppeteer": "^13.5.1"
  },
  "devDependencies": {
    "firebase-functions-test": "^0.2.0"
  },
  "private": true
}
[debug] [2022-03-23T15:59:15.910Z] Building nodejs source
[debug] [2022-03-23T15:59:15.910Z] Analyzing nodejs backend spec
[debug] [2022-03-23T15:59:15.927Z] [worker-us-central1-webScraper-c405fd56-5d95-438f-a5e1-546ada301fbf]: exited {"metadata":{"emulator":{"name":"functions"},"message":"[worker-us-central1-webScraper-c405fd56-5d95-438f-a5e1-546ada301fbf]: exited"}}
[debug] [2022-03-23T15:59:15.927Z] [worker-us-central1-webScraper-c405fd56-5d95-438f-a5e1-546ada301fbf]: FINISHED {"metadata":{"emulator":{"name":"functions"},"message":"[worker-us-central1-webScraper-c405fd56-5d95-438f-a5e1-546ada301fbf]: FINISHED"}}
[debug] [2022-03-23T15:59:16.781Z] [work-queue] {"queueLength":1,"workRunningCount":0}
[debug] [2022-03-23T15:59:16.782Z] [work-queue] {"queueLength":0,"workRunningCount":1}
[debug] [2022-03-23T15:59:16.782Z] Accepted request GET /cybersecnews-94302/us-central1/webScraper --> us-central1-webScraper
[debug] [2022-03-23T15:59:16.783Z] [worker-pool] Cleaned up workers for us-central1-webScraper: 1 --> 0 {"metadata":{"emulator":{"name":"functions"},"message":"[worker-pool] Cleaned up workers for us-central1-webScraper: 1 --> 0"}}
[debug] [2022-03-23T15:59:16.814Z] [worker-pool] addWorker(us-central1-webScraper) {"metadata":{"emulator":{"name":"functions"},"message":"[worker-pool] addWorker(us-central1-webScraper)"}}
[debug] [2022-03-23T15:59:16.815Z] [worker-pool] Adding worker with key us-central1-webScraper, total=1 {"metadata":{"emulator":{"name":"functions"},"message":"[worker-pool] Adding worker with key us-central1-webScraper, total=1"}}
[debug] [2022-03-23T15:59:16.815Z] [worker-pool] submitWork(triggerId=us-central1-webScraper) {"metadata":{"emulator":{"name":"functions"},"message":"[worker-pool] submitWork(triggerId=us-central1-webScraper)"}}
[debug] [2022-03-23T15:59:16.816Z] [worker-us-central1-webScraper-614f1ff9-f8dc-4449-a650-3ad144160f8a]: Assigning socketPath: /var/folders/6j/sw_1cfr54jqb93_qy6mm72440000gn/T/fire_emu_66711.sock {"metadata":{"emulator":{"name":"functions"},"message":"[worker-us-central1-webScraper-614f1ff9-f8dc-4449-a650-3ad144160f8a]: Assigning socketPath: /var/folders/6j/sw_1cfr54jqb93_qy6mm72440000gn/T/fire_emu_66711.sock"}}
[debug] [2022-03-23T15:59:16.816Z] [worker-us-central1-webScraper-614f1ff9-f8dc-4449-a650-3ad144160f8a]: BUSY {"metadata":{"emulator":{"name":"functions"},"message":"[worker-us-central1-webScraper-614f1ff9-f8dc-4449-a650-3ad144160f8a]: BUSY"}}
[debug] [2022-03-23T15:59:17.854Z] [runtime-status] [66711] Functions runtime initialized. {"cwd":"/Users/filipsordyl/Desktop/webb/nextjs/security_news/functions","node_version":"17.3.0"} {"metadata":{"emulator":{"name":"functions"},"function":{"name":"us-central1-webScraper"},"extension":{},"message":"[runtime-status] [66711] Functions runtime initialized. {\"cwd\":\"/Users/filipsordyl/Desktop/webb/nextjs/security_news/functions\",\"node_version\":\"17.3.0\"}"}}
[debug] [2022-03-23T15:59:17.855Z] [runtime-status] [66711] Disabled runtime features: undefined {"metadata":{"emulator":{"name":"functions"},"function":{"name":"us-central1-webScraper"},"extension":{},"message":"[runtime-status] [66711] Disabled runtime features: undefined"}}
[debug] [2022-03-23T15:59:17.856Z] [runtime-status] [66711] Resolved module firebase-admin {"declared":true,"installed":true,"version":"9.12.0","resolution":"/Users/filipsordyl/Desktop/webb/nextjs/security_news/functions/node_modules/firebase-admin/lib/index.js"} {"metadata":{"emulator":{"name":"functions"},"function":{"name":"us-central1-webScraper"},"extension":{},"message":"[runtime-status] [66711] Resolved module firebase-admin {\"declared\":true,\"installed\":true,\"version\":\"9.12.0\",\"resolution\":\"/Users/filipsordyl/Desktop/webb/nextjs/security_news/functions/node_modules/firebase-admin/lib/index.js\"}"}}
[debug] [2022-03-23T15:59:17.856Z] [runtime-status] [66711] Resolved module firebase-functions {"declared":true,"installed":true,"version":"3.19.0","resolution":"/Users/filipsordyl/Desktop/webb/nextjs/security_news/functions/node_modules/firebase-functions/lib/index.js"} {"metadata":{"emulator":{"name":"functions"},"function":{"name":"us-central1-webScraper"},"extension":{},"message":"[runtime-status] [66711] Resolved module firebase-functions {\"declared\":true,\"installed\":true,\"version\":\"3.19.0\",\"resolution\":\"/Users/filipsordyl/Desktop/webb/nextjs/security_news/functions/node_modules/firebase-functions/lib/index.js\"}"}}
[debug] [2022-03-23T15:59:17.856Z] [runtime-status] [66711] Outgoing network have been stubbed. [{"name":"http","status":"mocked"},{"name":"http","status":"mocked"},{"name":"https","status":"mocked"},{"name":"https","status":"mocked"},{"name":"net","status":"mocked"}] {"metadata":{"emulator":{"name":"functions"},"function":{"name":"us-central1-webScraper"},"extension":{},"message":"[runtime-status] [66711] Outgoing network have been stubbed. [{\"name\":\"http\",\"status\":\"mocked\"},{\"name\":\"http\",\"status\":\"mocked\"},{\"name\":\"https\",\"status\":\"mocked\"},{\"name\":\"https\",\"status\":\"mocked\"},{\"name\":\"net\",\"status\":\"mocked\"}]"}}
[debug] [2022-03-23T15:59:17.856Z] [runtime-status] [66711] Resolved module firebase-functions {"declared":true,"installed":true,"version":"3.19.0","resolution":"/Users/filipsordyl/Desktop/webb/nextjs/security_news/functions/node_modules/firebase-functions/lib/index.js"} {"metadata":{"emulator":{"name":"functions"},"function":{"name":"us-central1-webScraper"},"extension":{},"message":"[runtime-status] [66711] Resolved module firebase-functions {\"declared\":true,\"installed\":true,\"version\":\"3.19.0\",\"resolution\":\"/Users/filipsordyl/Desktop/webb/nextjs/security_news/functions/node_modules/firebase-functions/lib/index.js\"}"}}
[debug] [2022-03-23T15:59:17.878Z] [runtime-status] [66711] Checked functions.config() {"config":{}} {"metadata":{"emulator":{"name":"functions"},"function":{"name":"us-central1-webScraper"},"extension":{},"message":"[runtime-status] [66711] Checked functions.config() {\"config\":{}}"}}
[debug] [2022-03-23T15:59:17.878Z] [runtime-status] [66711] firebase-functions has been stubbed. {"functionsResolution":{"declared":true,"installed":true,"version":"3.19.0","resolution":"/Users/filipsordyl/Desktop/webb/nextjs/security_news/functions/node_modules/firebase-functions/lib/index.js"}} {"metadata":{"emulator":{"name":"functions"},"function":{"name":"us-central1-webScraper"},"extension":{},"message":"[runtime-status] [66711] firebase-functions has been stubbed. {\"functionsResolution\":{\"declared\":true,\"installed\":true,\"version\":\"3.19.0\",\"resolution\":\"/Users/filipsordyl/Desktop/webb/nextjs/security_news/functions/node_modules/firebase-functions/lib/index.js\"}}"}}
[debug] [2022-03-23T15:59:17.879Z] [runtime-status] [66711] Resolved module firebase-functions {"declared":true,"installed":true,"version":"3.19.0","resolution":"/Users/filipsordyl/Desktop/webb/nextjs/security_news/functions/node_modules/firebase-functions/lib/index.js"} {"metadata":{"emulator":{"name":"functions"},"function":{"name":"us-central1-webScraper"},"extension":{},"message":"[runtime-status] [66711] Resolved module firebase-functions {\"declared\":true,\"installed\":true,\"version\":\"3.19.0\",\"resolution\":\"/Users/filipsordyl/Desktop/webb/nextjs/security_news/functions/node_modules/firebase-functions/lib/index.js\"}"}}
[debug] [2022-03-23T15:59:17.880Z] [runtime-status] [66711] Resolved module firebase-admin {"declared":true,"installed":true,"version":"9.12.0","resolution":"/Users/filipsordyl/Desktop/webb/nextjs/security_news/functions/node_modules/firebase-admin/lib/index.js"} {"metadata":{"emulator":{"name":"functions"},"function":{"name":"us-central1-webScraper"},"extension":{},"message":"[runtime-status] [66711] Resolved module firebase-admin {\"declared\":true,\"installed\":true,\"version\":\"9.12.0\",\"resolution\":\"/Users/filipsordyl/Desktop/webb/nextjs/security_news/functions/node_modules/firebase-admin/lib/index.js\"}"}}
[debug] [2022-03-23T15:59:17.881Z] [runtime-status] [66711] Resolved module firebase-functions {"declared":true,"installed":true,"version":"3.19.0","resolution":"/Users/filipsordyl/Desktop/webb/nextjs/security_news/functions/node_modules/firebase-functions/lib/index.js"} {"metadata":{"emulator":{"name":"functions"},"function":{"name":"us-central1-webScraper"},"extension":{},"message":"[runtime-status] [66711] Resolved module firebase-functions {\"declared\":true,\"installed\":true,\"version\":\"3.19.0\",\"resolution\":\"/Users/filipsordyl/Desktop/webb/nextjs/security_news/functions/node_modules/firebase-functions/lib/index.js\"}"}}
[debug] [2022-03-23T15:59:17.881Z] [runtime-status] [66711] firebase-admin has been stubbed. {"adminResolution":{"declared":true,"installed":true,"version":"9.12.0","resolution":"/Users/filipsordyl/Desktop/webb/nextjs/security_news/functions/node_modules/firebase-admin/lib/index.js"}} {"metadata":{"emulator":{"name":"functions"},"function":{"name":"us-central1-webScraper"},"extension":{},"message":"[runtime-status] [66711] firebase-admin has been stubbed. {\"adminResolution\":{\"declared\":true,\"installed\":true,\"version\":\"9.12.0\",\"resolution\":\"/Users/filipsordyl/Desktop/webb/nextjs/security_news/functions/node_modules/firebase-admin/lib/index.js\"}}"}}
[debug] [2022-03-23T15:59:17.928Z] [runtime-status] [66711] Beginning invocation function webScraper! {"metadata":{"emulator":{"name":"functions"},"function":{"name":"us-central1-webScraper"},"extension":{},"message":"[runtime-status] [66711] Beginning invocation function webScraper!"}}
[info] i  functions: Beginning execution of "webScraper" {"metadata":{"emulator":{"name":"functions"},"function":{"name":"us-central1-webScraper"},"extension":{},"message":"Beginning execution of \"webScraper\""}}
[debug] [2022-03-23T15:59:17.930Z] [runtime-status] [66711] Running webScraper in signature http {"metadata":{"emulator":{"name":"functions"},"function":{"name":"us-central1-webScraper"},"extension":{},"message":"[runtime-status] [66711] Running webScraper in signature http"}}
[debug] [2022-03-23T15:59:17.934Z] [runtime-status] [66711] Attempting to listen to socketPath: /var/folders/6j/sw_1cfr54jqb93_qy6mm72440000gn/T/fire_emu_66711.sock {"metadata":{"emulator":{"name":"functions"},"function":{"name":"us-central1-webScraper"},"extension":{},"message":"[runtime-status] [66711] Attempting to listen to socketPath: /var/folders/6j/sw_1cfr54jqb93_qy6mm72440000gn/T/fire_emu_66711.sock"}}
[debug] [2022-03-23T15:59:17.953Z] [functions] Runtime ready! Sending request! {"metadata":{"emulator":{"name":"functions"},"message":"[functions] Runtime ready! Sending request!"}}
[debug] [2022-03-23T15:59:17.955Z] [functions] Got req.url=/cybersecnews-94302/us-central1/webScraper, mapping to path=/ {"metadata":{"emulator":{"name":"functions"},"message":"[functions] Got req.url=/cybersecnews-94302/us-central1/webScraper, mapping to path=/"}}
[debug] [2022-03-23T15:59:17.961Z] [runtime-status] [66711] Ephemeral server handling GET request {"metadata":{"emulator":{"name":"functions"},"function":{"name":"us-central1-webScraper"},"extension":{},"message":"[runtime-status] [66711] Ephemeral server handling GET request"}}
[debug] [2022-03-23T15:59:17.964Z] [runtime-status] [66711] Ephemeral server survived. {"metadata":{"emulator":{"name":"functions"},"function":{"name":"us-central1-webScraper"},"extension":{},"message":"[runtime-status] [66711] Ephemeral server survived."}}
[info] >  waitFor is deprecated and will be removed in a future release. See https://github.com/puppeteer/puppeteer/issues/6214 for details and how to migrate your code. {"user":"waitFor is deprecated and will be removed in a future release. See https://github.com/puppeteer/puppeteer/issues/6214 for details and how to migrate your code.","metadata":{"emulator":{"name":"functions"},"function":{"name":"us-central1-webScraper"},"extension":{},"message":"\u001b[90m> \u001b[39m waitFor is deprecated and will be removed in a future release. See https://github.com/puppeteer/puppeteer/issues/6214 for details and how to migrate your code."}}
[info] i  functions: Finished "webScraper" in ~21s {"metadata":{"emulator":{"name":"functions"},"function":{"name":"us-central1-webScraper"},"extension":{},"message":"Finished \"webScraper\" in ~21s"}}
[debug] [2022-03-23T15:59:39.327Z] [worker-us-central1-webScraper-614f1ff9-f8dc-4449-a650-3ad144160f8a]: IDLE {"metadata":{"emulator":{"name":"functions"},"message":"[worker-us-central1-webScraper-614f1ff9-f8dc-4449-a650-3ad144160f8a]: IDLE"}}
[debug] [2022-03-23T15:59:39.328Z] [work-queue] {"queueLength":0,"workRunningCount":0}
[warn] ⚠  Google API requested!
   - URL: "https://oauth2.googleapis.com/token"
   - Be careful, this may be a production service. {"metadata":{"emulator":{"name":"functions"},"function":{"name":"us-central1-webScraper"},"extension":{},"message":"Google API requested!\n   - URL: \"https://oauth2.googleapis.com/token\"\n   - Be careful, this may be a production service."}}
[debug] [2022-03-23T16:00:24.784Z] [work-queue] {"queueLength":1,"workRunningCount":0}
[debug] [2022-03-23T16:00:24.785Z] [work-queue] {"queueLength":0,"workRunningCount":1}
[debug] [2022-03-23T16:00:24.786Z] Accepted request GET /cybersecnews-94302/us-central1/webScraper --> us-central1-webScraper
[debug] [2022-03-23T16:00:24.787Z] [worker-pool] submitWork(triggerId=us-central1-webScraper) {"metadata":{"emulator":{"name":"functions"},"message":"[worker-pool] submitWork(triggerId=us-central1-webScraper)"}}
[debug] [2022-03-23T16:00:24.791Z] [worker-us-central1-webScraper-614f1ff9-f8dc-4449-a650-3ad144160f8a]: Assigning socketPath: /var/folders/6j/sw_1cfr54jqb93_qy6mm72440000gn/T/fire_emu_66711.sock {"metadata":{"emulator":{"name":"functions"},"message":"[worker-us-central1-webScraper-614f1ff9-f8dc-4449-a650-3ad144160f8a]: Assigning socketPath: /var/folders/6j/sw_1cfr54jqb93_qy6mm72440000gn/T/fire_emu_66711.sock"}}
[debug] [2022-03-23T16:00:24.791Z] [worker-us-central1-webScraper-614f1ff9-f8dc-4449-a650-3ad144160f8a]: BUSY {"metadata":{"emulator":{"name":"functions"},"message":"[worker-us-central1-webScraper-614f1ff9-f8dc-4449-a650-3ad144160f8a]: BUSY"}}
[debug] [2022-03-23T16:00:24.795Z] [runtime-status] [66711] Beginning invocation function webScraper! {"metadata":{"emulator":{"name":"functions"},"function":{"name":"us-central1-webScraper"},"extension":{},"message":"[runtime-status] [66711] Beginning invocation function webScraper!"}}
[info] i  functions: Beginning execution of "webScraper" {"metadata":{"emulator":{"name":"functions"},"function":{"name":"us-central1-webScraper"},"extension":{},"message":"Beginning execution of \"webScraper\""}}
[debug] [2022-03-23T16:00:24.801Z] [runtime-status] [66711] Running webScraper in signature http {"metadata":{"emulator":{"name":"functions"},"function":{"name":"us-central1-webScraper"},"extension":{},"message":"[runtime-status] [66711] Running webScraper in signature http"}}
[debug] [2022-03-23T16:00:24.805Z] [runtime-status] [66711] Attempting to listen to socketPath: /var/folders/6j/sw_1cfr54jqb93_qy6mm72440000gn/T/fire_emu_66711.sock {"metadata":{"emulator":{"name":"functions"},"function":{"name":"us-central1-webScraper"},"extension":{},"message":"[runtime-status] [66711] Attempting to listen to socketPath: /var/folders/6j/sw_1cfr54jqb93_qy6mm72440000gn/T/fire_emu_66711.sock"}}
[debug] [2022-03-23T16:00:24.829Z] [functions] Runtime ready! Sending request! {"metadata":{"emulator":{"name":"functions"},"message":"[functions] Runtime ready! Sending request!"}}
[debug] [2022-03-23T16:00:24.834Z] [functions] Got req.url=/cybersecnews-94302/us-central1/webScraper, mapping to path=/ {"metadata":{"emulator":{"name":"functions"},"message":"[functions] Got req.url=/cybersecnews-94302/us-central1/webScraper, mapping to path=/"}}
[debug] [2022-03-23T16:00:24.847Z] [runtime-status] [66711] Ephemeral server handling GET request {"metadata":{"emulator":{"name":"functions"},"function":{"name":"us-central1-webScraper"},"extension":{},"message":"[runtime-status] [66711] Ephemeral server handling GET request"}}
[debug] [2022-03-23T16:00:24.852Z] [runtime-status] [66711] Ephemeral server survived. {"metadata":{"emulator":{"name":"functions"},"function":{"name":"us-central1-webScraper"},"extension":{},"message":"[runtime-status] [66711] Ephemeral server survived."}}
[info] >  waitFor is deprecated and will be removed in a future release. See https://github.com/puppeteer/puppeteer/issues/6214 for details and how to migrate your code. {"user":"waitFor is deprecated and will be removed in a future release. See https://github.com/puppeteer/puppeteer/issues/6214 for details and how to migrate your code.","metadata":{"emulator":{"name":"functions"},"function":{"name":"us-central1-webScraper"},"extension":{},"message":"\u001b[90m> \u001b[39m waitFor is deprecated and will be removed in a future release. See https://github.com/puppeteer/puppeteer/issues/6214 for details and how to migrate your code."}}
[info] i  functions: Finished "webScraper" in ~21s {"metadata":{"emulator":{"name":"functions"},"function":{"name":"us-central1-webScraper"},"extension":{},"message":"Finished \"webScraper\" in ~21s"}}
[debug] [2022-03-23T16:00:46.806Z] [worker-us-central1-webScraper-614f1ff9-f8dc-4449-a650-3ad144160f8a]: IDLE {"metadata":{"emulator":{"name":"functions"},"message":"[worker-us-central1-webScraper-614f1ff9-f8dc-4449-a650-3ad144160f8a]: IDLE"}}
[debug] [2022-03-23T16:00:46.807Z] [work-queue] {"queueLength":0,"workRunningCount":0}
